  pch.cpp
  AssemblyInfo.cpp
  CppCLR_WinFormsProject.cpp
C:\Program Files\Microsoft Visual Studio\2022\Community\VC\Tools\MSVC\14.36.32532\include\filesystem(13): warning STL4038: The contents of <filesystem> are available only with C++17 or later.
C:\Users\hithe\projects\university-work\CS112\Semester_II_Project\Semester_II_Project_UI_VS\Form1.h(180,21): error C2039: 'filesystem': is not a member of 'std'
C:\Program Files\Microsoft Visual Studio\2022\Community\VC\Tools\MSVC\14.36.32532\include\set(23,1): message : see declaration of 'std'
C:\Users\hithe\projects\university-work\CS112\Semester_II_Project\Semester_II_Project_UI_VS\Form1.h(180,31): error C2878: 'filesystem': a namespace or class of this name does not exist
C:\Users\hithe\projects\university-work\CS112\Semester_II_Project\Semester_II_Project_UI_VS\Form1.h(370,2): warning C5051: attribute 'maybe_unused' requires at least '/std:c++17'; ignored
C:\Users\hithe\projects\university-work\CS112\Semester_II_Project\Semester_II_Project_UI_VS\Form1.h(503,28): error C2653: 'FS': is not a class or namespace name
C:\Users\hithe\projects\university-work\CS112\Semester_II_Project\Semester_II_Project_UI_VS\Form1.h(503,5): error C2530: 'i_j': references must be initialized
C:\Users\hithe\projects\university-work\CS112\Semester_II_Project\Semester_II_Project_UI_VS\Form1.h(503,5): error C3531: 'i_j': a symbol whose type contains 'auto' must have an initializer
C:\Users\hithe\projects\university-work\CS112\Semester_II_Project\Semester_II_Project_UI_VS\Form1.h(503,26): error C2143: syntax error: missing ';' before ':'
C:\Users\hithe\projects\university-work\CS112\Semester_II_Project\Semester_II_Project_UI_VS\Form1.h(503,32): error C3861: 'directory_iterator': identifier not found
C:\Users\hithe\projects\university-work\CS112\Semester_II_Project\Semester_II_Project_UI_VS\Form1.h(503,64): error C2143: syntax error: missing ';' before ')'
C:\Users\hithe\projects\university-work\CS112\Semester_II_Project\Semester_II_Project_UI_VS\Form1.h(505,27): error C2039: 'path': is not a member of 'System::Int32'
C:\Users\hithe\projects\university-work\CS112\Semester_II_Project\Semester_II_Project_UI_VS\Form1.h(507,43): error C2653: 'FS': is not a class or namespace name
C:\Users\hithe\projects\university-work\CS112\Semester_II_Project\Semester_II_Project_UI_VS\Form1.h(507,9): error C2530: 'directoryEntry': references must be initialized
C:\Users\hithe\projects\university-work\CS112\Semester_II_Project\Semester_II_Project_UI_VS\Form1.h(507,9): error C3531: 'directoryEntry': a symbol whose type contains 'auto' must have an initializer
C:\Users\hithe\projects\university-work\CS112\Semester_II_Project\Semester_II_Project_UI_VS\Form1.h(507,41): error C2143: syntax error: missing ';' before ':'
C:\Users\hithe\projects\university-work\CS112\Semester_II_Project\Semester_II_Project_UI_VS\Form1.h(507,47): error C3861: 'directory_iterator': identifier not found
C:\Users\hithe\projects\university-work\CS112\Semester_II_Project\Semester_II_Project_UI_VS\Form1.h(507,71): error C2143: syntax error: missing ';' before ')'
C:\Users\hithe\projects\university-work\CS112\Semester_II_Project\Semester_II_Project_UI_VS\Form1.h(508,51): error C2039: 'path': is not a member of 'System::Int32'
C:\Users\hithe\projects\university-work\CS112\Semester_II_Project\Semester_II_Project_UI_VS\Form1.h(509,32): error C2039: 'path': is not a member of 'System::Int32'
C:\Users\hithe\projects\university-work\CS112\Semester_II_Project\Semester_II_Project_UI_VS\Form1.h(515,32): error C2039: 'path': is not a member of 'System::Int32'
C:\Users\hithe\projects\university-work\CS112\Semester_II_Project\Semester_II_Project_UI_VS\Form1.h(522,32): error C2039: 'path': is not a member of 'System::Int32'
C:\Users\hithe\projects\university-work\CS112\Semester_II_Project\Semester_II_Project_UI_VS\Form1.h(523,51): error C2039: 'path': is not a member of 'System::Int32'
C:\Users\hithe\projects\university-work\CS112\Semester_II_Project\Semester_II_Project_UI_VS\Form1.h(523,35): error C2665: 'std::basic_fstream<char,std::char_traits<char>>::basic_fstream': no overloaded function could convert all the argument types
C:\Program Files\Microsoft Visual Studio\2022\Community\VC\Tools\MSVC\14.36.32532\include\fstream(1228,5): message : could be 'std::basic_fstream<char,std::char_traits<char>>::basic_fstream(FILE *)'
C:\Users\hithe\projects\university-work\CS112\Semester_II_Project\Semester_II_Project_UI_VS\Form1.h(523,35): message : 'std::basic_fstream<char,std::char_traits<char>>::basic_fstream(FILE *)': cannot convert argument 1 from 'const std::_Iosb<int>::_Openmode' to 'FILE *'
C:\Users\hithe\projects\university-work\CS112\Semester_II_Project\Semester_II_Project_UI_VS\Form1.h(523,64): message : Conversion from integral type to pointer type requires reinterpret_cast, C-style cast or parenthesized function-style cast
C:\Program Files\Microsoft Visual Studio\2022\Community\VC\Tools\MSVC\14.36.32532\include\fstream(1208,5): message : or       'std::basic_fstream<char,std::char_traits<char>>::basic_fstream(const std::wstring &,std::ios_base::openmode,int)'
C:\Users\hithe\projects\university-work\CS112\Semester_II_Project\Semester_II_Project_UI_VS\Form1.h(523,35): message : 'std::basic_fstream<char,std::char_traits<char>>::basic_fstream(const std::wstring &,std::ios_base::openmode,int)': cannot convert argument 1 from 'const std::_Iosb<int>::_Openmode' to 'const std::wstring &'
C:\Users\hithe\projects\university-work\CS112\Semester_II_Project\Semester_II_Project_UI_VS\Form1.h(523,64): message : Reason: cannot convert from 'const std::_Iosb<int>::_Openmode' to 'const std::wstring'
C:\Users\hithe\projects\university-work\CS112\Semester_II_Project\Semester_II_Project_UI_VS\Form1.h(523,64): message : No user-defined-conversion operator available that can perform this conversion, or the operator cannot be called
C:\Program Files\Microsoft Visual Studio\2022\Community\VC\Tools\MSVC\14.36.32532\include\fstream(1199,5): message : or       'std::basic_fstream<char,std::char_traits<char>>::basic_fstream(const wchar_t *,std::ios_base::openmode,int)'
C:\Users\hithe\projects\university-work\CS112\Semester_II_Project\Semester_II_Project_UI_VS\Form1.h(523,35): message : 'std::basic_fstream<char,std::char_traits<char>>::basic_fstream(const wchar_t *,std::ios_base::openmode,int)': cannot convert argument 1 from 'const std::_Iosb<int>::_Openmode' to 'const wchar_t *'
C:\Users\hithe\projects\university-work\CS112\Semester_II_Project\Semester_II_Project_UI_VS\Form1.h(523,64): message : Conversion from integral type to pointer type requires reinterpret_cast, C-style cast or parenthesized function-style cast
C:\Program Files\Microsoft Visual Studio\2022\Community\VC\Tools\MSVC\14.36.32532\include\fstream(1195,5): message : or       'std::basic_fstream<char,std::char_traits<char>>::basic_fstream(const std::string &,std::ios_base::openmode,int)'
C:\Users\hithe\projects\university-work\CS112\Semester_II_Project\Semester_II_Project_UI_VS\Form1.h(523,35): message : 'std::basic_fstream<char,std::char_traits<char>>::basic_fstream(const std::string &,std::ios_base::openmode,int)': cannot convert argument 1 from 'const std::_Iosb<int>::_Openmode' to 'const std::string &'
C:\Users\hithe\projects\university-work\CS112\Semester_II_Project\Semester_II_Project_UI_VS\Form1.h(523,64): message : Reason: cannot convert from 'const std::_Iosb<int>::_Openmode' to 'const std::string'
C:\Users\hithe\projects\university-work\CS112\Semester_II_Project\Semester_II_Project_UI_VS\Form1.h(523,64): message : No user-defined-conversion operator available that can perform this conversion, or the operator cannot be called
C:\Program Files\Microsoft Visual Studio\2022\Community\VC\Tools\MSVC\14.36.32532\include\fstream(1187,5): message : or       'std::basic_fstream<char,std::char_traits<char>>::basic_fstream(const char *,std::ios_base::openmode,int)'
C:\Users\hithe\projects\university-work\CS112\Semester_II_Project\Semester_II_Project_UI_VS\Form1.h(523,35): message : 'std::basic_fstream<char,std::char_traits<char>>::basic_fstream(const char *,std::ios_base::openmode,int)': cannot convert argument 1 from 'const std::_Iosb<int>::_Openmode' to 'const char *'
C:\Users\hithe\projects\university-work\CS112\Semester_II_Project\Semester_II_Project_UI_VS\Form1.h(523,64): message : Conversion from integral type to pointer type requires reinterpret_cast, C-style cast or parenthesized function-style cast
C:\Program Files\Microsoft Visual Studio\2022\Community\VC\Tools\MSVC\14.36.32532\include\fstream(1213,5): message : or       'std::basic_fstream<char,std::char_traits<char>>::basic_fstream(const _Ty &,std::ios_base::openmode,int)'
C:\Users\hithe\projects\university-work\CS112\Semester_II_Project\Semester_II_Project_UI_VS\Form1.h(523,66): message : 'std::basic_fstream<char,std::char_traits<char>>::basic_fstream(const _Ty &,std::ios_base::openmode,int)': could not deduce template argument for '__formal'
C:\Users\hithe\projects\university-work\CS112\Semester_II_Project\Semester_II_Project_UI_VS\Form1.h(523,35): message : while trying to match the argument list '(const std::_Iosb<int>::_Openmode)'
C:\Users\hithe\projects\university-work\CS112\Semester_II_Project\Semester_II_Project_UI_VS\Form1.h(628,32): error C2039: 'path': is not a member of 'System::Int32'
C:\Users\hithe\projects\university-work\CS112\Semester_II_Project\Semester_II_Project_UI_VS\Form1.h(629,32): error C2039: 'path': is not a member of 'System::Int32'
C:\Users\hithe\projects\university-work\CS112\Semester_II_Project\Semester_II_Project_UI_VS\Form1.h(630,36): error C2039: 'path': is not a member of 'System::Int32'
C:\Users\hithe\projects\university-work\CS112\Semester_II_Project\Semester_II_Project_UI_VS\Form1.h(636,36): error C2039: 'path': is not a member of 'System::Int32'
C:\Users\hithe\projects\university-work\CS112\Semester_II_Project\Semester_II_Project_UI_VS\Form1.h(646,36): error C2039: 'path': is not a member of 'System::Int32'
C:\Users\hithe\projects\university-work\CS112\Semester_II_Project\Semester_II_Project_UI_VS\Form1.h(645,43): error C2665: 'std::basic_fstream<char,std::char_traits<char>>::basic_fstream': no overloaded function could convert all the argument types
C:\Program Files\Microsoft Visual Studio\2022\Community\VC\Tools\MSVC\14.36.32532\include\fstream(1228,5): message : could be 'std::basic_fstream<char,std::char_traits<char>>::basic_fstream(FILE *)'
C:\Users\hithe\projects\university-work\CS112\Semester_II_Project\Semester_II_Project_UI_VS\Form1.h(645,43): message : 'std::basic_fstream<char,std::char_traits<char>>::basic_fstream(FILE *)': cannot convert argument 1 from 'const std::_Iosb<int>::_Openmode' to 'FILE *'
C:\Users\hithe\projects\university-work\CS112\Semester_II_Project\Semester_II_Project_UI_VS\Form1.h(647,26): message : Conversion from integral type to pointer type requires reinterpret_cast, C-style cast or parenthesized function-style cast
C:\Program Files\Microsoft Visual Studio\2022\Community\VC\Tools\MSVC\14.36.32532\include\fstream(1208,5): message : or       'std::basic_fstream<char,std::char_traits<char>>::basic_fstream(const std::wstring &,std::ios_base::openmode,int)'
C:\Users\hithe\projects\university-work\CS112\Semester_II_Project\Semester_II_Project_UI_VS\Form1.h(645,43): message : 'std::basic_fstream<char,std::char_traits<char>>::basic_fstream(const std::wstring &,std::ios_base::openmode,int)': cannot convert argument 1 from 'const std::_Iosb<int>::_Openmode' to 'const std::wstring &'
C:\Users\hithe\projects\university-work\CS112\Semester_II_Project\Semester_II_Project_UI_VS\Form1.h(647,26): message : Reason: cannot convert from 'const std::_Iosb<int>::_Openmode' to 'const std::wstring'
C:\Users\hithe\projects\university-work\CS112\Semester_II_Project\Semester_II_Project_UI_VS\Form1.h(647,26): message : No user-defined-conversion operator available that can perform this conversion, or the operator cannot be called
C:\Program Files\Microsoft Visual Studio\2022\Community\VC\Tools\MSVC\14.36.32532\include\fstream(1199,5): message : or       'std::basic_fstream<char,std::char_traits<char>>::basic_fstream(const wchar_t *,std::ios_base::openmode,int)'
C:\Users\hithe\projects\university-work\CS112\Semester_II_Project\Semester_II_Project_UI_VS\Form1.h(645,43): message : 'std::basic_fstream<char,std::char_traits<char>>::basic_fstream(const wchar_t *,std::ios_base::openmode,int)': cannot convert argument 1 from 'const std::_Iosb<int>::_Openmode' to 'const wchar_t *'
C:\Users\hithe\projects\university-work\CS112\Semester_II_Project\Semester_II_Project_UI_VS\Form1.h(647,26): message : Conversion from integral type to pointer type requires reinterpret_cast, C-style cast or parenthesized function-style cast
C:\Program Files\Microsoft Visual Studio\2022\Community\VC\Tools\MSVC\14.36.32532\include\fstream(1195,5): message : or       'std::basic_fstream<char,std::char_traits<char>>::basic_fstream(const std::string &,std::ios_base::openmode,int)'
C:\Users\hithe\projects\university-work\CS112\Semester_II_Project\Semester_II_Project_UI_VS\Form1.h(645,43): message : 'std::basic_fstream<char,std::char_traits<char>>::basic_fstream(const std::string &,std::ios_base::openmode,int)': cannot convert argument 1 from 'const std::_Iosb<int>::_Openmode' to 'const std::string &'
C:\Users\hithe\projects\university-work\CS112\Semester_II_Project\Semester_II_Project_UI_VS\Form1.h(647,26): message : Reason: cannot convert from 'const std::_Iosb<int>::_Openmode' to 'const std::string'
C:\Users\hithe\projects\university-work\CS112\Semester_II_Project\Semester_II_Project_UI_VS\Form1.h(647,26): message : No user-defined-conversion operator available that can perform this conversion, or the operator cannot be called
C:\Program Files\Microsoft Visual Studio\2022\Community\VC\Tools\MSVC\14.36.32532\include\fstream(1187,5): message : or       'std::basic_fstream<char,std::char_traits<char>>::basic_fstream(const char *,std::ios_base::openmode,int)'
C:\Users\hithe\projects\university-work\CS112\Semester_II_Project\Semester_II_Project_UI_VS\Form1.h(645,43): message : 'std::basic_fstream<char,std::char_traits<char>>::basic_fstream(const char *,std::ios_base::openmode,int)': cannot convert argument 1 from 'const std::_Iosb<int>::_Openmode' to 'const char *'
C:\Users\hithe\projects\university-work\CS112\Semester_II_Project\Semester_II_Project_UI_VS\Form1.h(647,26): message : Conversion from integral type to pointer type requires reinterpret_cast, C-style cast or parenthesized function-style cast
C:\Program Files\Microsoft Visual Studio\2022\Community\VC\Tools\MSVC\14.36.32532\include\fstream(1213,5): message : or       'std::basic_fstream<char,std::char_traits<char>>::basic_fstream(const _Ty &,std::ios_base::openmode,int)'
C:\Users\hithe\projects\university-work\CS112\Semester_II_Project\Semester_II_Project_UI_VS\Form1.h(647,28): message : 'std::basic_fstream<char,std::char_traits<char>>::basic_fstream(const _Ty &,std::ios_base::openmode,int)': could not deduce template argument for '__formal'
C:\Users\hithe\projects\university-work\CS112\Semester_II_Project\Semester_II_Project_UI_VS\Form1.h(645,43): message : while trying to match the argument list '(const std::_Iosb<int>::_Openmode)'
  Form1.cpp
  Generating Code...
